<?xml version="1.0" encoding="UTF-8" ?>
<testsuite tests="5" failures="0" name="com.easy.properties.PropertiesLoaderTest" time="0.016" errors="0" skipped="0">
  <properties>
    <property name="java.runtime.name" value="Java(TM) SE Runtime Environment"/>
    <property name="sun.boot.library.path" value="D:\ProgramFiles\Java\jdk1.8.0_141\jre\bin"/>
    <property name="java.vm.version" value="25.141-b15"/>
    <property name="java.vm.vendor" value="Oracle Corporation"/>
    <property name="java.vendor.url" value="http://java.oracle.com/"/>
    <property name="path.separator" value=";"/>
    <property name="guice.disable.misplaced.annotation.check" value="true"/>
    <property name="java.vm.name" value="Java HotSpot(TM) 64-Bit Server VM"/>
    <property name="file.encoding.pkg" value="sun.io"/>
    <property name="user.script" value=""/>
    <property name="user.country" value="IN"/>
    <property name="sun.java.launcher" value="SUN_STANDARD"/>
    <property name="sun.os.patch.level" value=""/>
    <property name="java.vm.specification.name" value="Java Virtual Machine Specification"/>
    <property name="user.dir" value="D:\MyArea\Coding\netbeansWs\properties"/>
    <property name="java.runtime.version" value="1.8.0_141-b15"/>
    <property name="java.awt.graphicsenv" value="sun.awt.Win32GraphicsEnvironment"/>
    <property name="java.endorsed.dirs" value="D:\ProgramFiles\Java\jdk1.8.0_141\jre\lib\endorsed"/>
    <property name="os.arch" value="amd64"/>
    <property name="java.io.tmpdir" value="C:\Users\HIMANS~2\AppData\Local\Temp\"/>
    <property name="line.separator" value="
"/>
    <property name="java.vm.specification.vendor" value="Oracle Corporation"/>
    <property name="user.variant" value=""/>
    <property name="os.name" value="Windows 10"/>
    <property name="maven.ext.class.path" value="D:\ProgramFiles\NetBeans 8.2\java\maven-nblib\netbeans-eventspy.jar"/>
    <property name="classworlds.conf" value="D:\ProgramFiles\NetBeans 8.2\java\maven\bin\m2.conf"/>
    <property name="sun.jnu.encoding" value="Cp1252"/>
    <property name="java.library.path" value="D:\ProgramFiles\Java\jdk1.8.0_141\bin;C:\WINDOWS\Sun\Java\bin;C:\WINDOWS\system32;C:\WINDOWS;C:\WINDOWS\system32;C:\WINDOWS;C:\WINDOWS\System32\Wbem;C:\WINDOWS\System32\WindowsPowerShell\v1.0\;D:\ProgramFiles\Java\jdk1.8.0_141\bin;D:\ProgramFiles\Git\cmd;D:\ProgramFiles\Git\mingw64\bin;D:\ProgramFiles\Git\usr\bin;C:\Users\himanshu_shekhar\AppData\Local\GitHubDesktop\bin;C:\Users\himanshu_shekhar\AppData\Local\atom\bin;D:\ProgramFiles\sonarqube-5.6.6\bin\windows-x86-64;D:\ProgramFiles\sonar-runner-2.4\bin;D:\ProgramFiles\NetBeans 8.2\java\maven\bin;."/>
    <property name="java.specification.name" value="Java Platform API Specification"/>
    <property name="java.class.version" value="52.0"/>
    <property name="sun.management.compiler" value="HotSpot 64-Bit Tiered Compilers"/>
    <property name="os.version" value="10.0"/>
    <property name="user.home" value="C:\Users\himanshu_shekhar"/>
    <property name="user.timezone" value="Asia/Calcutta"/>
    <property name="java.awt.printerjob" value="sun.awt.windows.WPrinterJob"/>
    <property name="java.specification.version" value="1.8"/>
    <property name="file.encoding" value="UTF-8"/>
    <property name="user.name" value="himanshu_shekhar"/>
    <property name="java.class.path" value="D:\ProgramFiles\NetBeans 8.2\java\maven\boot\plexus-classworlds-2.4.jar"/>
    <property name="java.vm.specification.version" value="1.8"/>
    <property name="sun.arch.data.model" value="64"/>
    <property name="java.home" value="D:\ProgramFiles\Java\jdk1.8.0_141\jre"/>
    <property name="sun.java.command" value="org.codehaus.plexus.classworlds.launcher.Launcher -Dmaven.ext.class.path=D:\ProgramFiles\NetBeans 8.2\java\maven-nblib\netbeans-eventspy.jar -Dfile.encoding=UTF-8 install"/>
    <property name="java.specification.vendor" value="Oracle Corporation"/>
    <property name="user.language" value="en"/>
    <property name="awt.toolkit" value="sun.awt.windows.WToolkit"/>
    <property name="java.vm.info" value="mixed mode"/>
    <property name="java.version" value="1.8.0_141"/>
    <property name="java.ext.dirs" value="D:\ProgramFiles\Java\jdk1.8.0_141\jre\lib\ext;C:\WINDOWS\Sun\Java\lib\ext"/>
    <property name="sun.boot.class.path" value="D:\ProgramFiles\Java\jdk1.8.0_141\jre\lib\resources.jar;D:\ProgramFiles\Java\jdk1.8.0_141\jre\lib\rt.jar;D:\ProgramFiles\Java\jdk1.8.0_141\jre\lib\sunrsasign.jar;D:\ProgramFiles\Java\jdk1.8.0_141\jre\lib\jsse.jar;D:\ProgramFiles\Java\jdk1.8.0_141\jre\lib\jce.jar;D:\ProgramFiles\Java\jdk1.8.0_141\jre\lib\charsets.jar;D:\ProgramFiles\Java\jdk1.8.0_141\jre\lib\jfr.jar;D:\ProgramFiles\Java\jdk1.8.0_141\jre\classes"/>
    <property name="java.vendor" value="Oracle Corporation"/>
    <property name="maven.home" value="D:\ProgramFiles\NetBeans 8.2\java\maven"/>
    <property name="file.separator" value="\"/>
    <property name="java.vendor.url.bug" value="http://bugreport.sun.com/bugreport/"/>
    <property name="sun.cpu.endian" value="little"/>
    <property name="sun.io.unicode.encoding" value="UnicodeLittle"/>
    <property name="sun.desktop" value="windows"/>
    <property name="sun.cpu.isalist" value="amd64"/>
  </properties>
  <testcase classname="com.easy.properties.PropertiesLoaderTest" name="invalidEnumIsThrownIfNoConstantDefined" time="0"/>
  <testcase classname="com.easy.properties.PropertiesLoaderTest" name="loadsPropertiesWithComments" time="0"/>
  <testcase classname="com.easy.properties.PropertiesLoaderTest" name="invalidConfigIsThrownIfConfigFileNotExists" time="0"/>
  <testcase classname="com.easy.properties.PropertiesLoaderTest" name="loadsSimpleProperties" time="0"/>
  <testcase classname="com.easy.properties.PropertiesLoaderTest" name="invalidConfigIsThrownIfConfigFileHasInvalidEntry" time="0"/>
</testsuite>